Sun Mar 15 14:02:20 IST 2026 - ALERT: Test alert message
Sun Mar 15 14:07:16 IST 2026 - ALERT: Test monitoring alert
Sun Mar 15 14:34:30 IST 2026 - ALERT: Test alert from monitoring system
Sun Mar 15 14:47:18 IST 2026 - ALERT: System Monitoring Alert
Sun Mar 15 14:48:01 IST 2026 - ALERT: System Monitoring Alert
Sun Mar 15 14:49:01 IST 2026 - ALERT: System Monitoring Alert
Sun Mar 15 14:50:01 IST 2026 - ALERT: System Monitoring Alert
Sun Mar 15 14:51:01 IST 2026 - ALERT: System Monitoring Alert
Sun Mar 15 14:51:56 IST 2026 - ALERT: Security Alert: Multiple failed login attempts detected
Sun Mar 15 14:52:01 IST 2026 - ALERT: System Monitoring Alert
Sun Mar 15 14:52:11 IST 2026 - ALERT: System Monitoring Alert
Sun Mar 15 14:53:01 IST 2026 - ALERT: System Monitoring Alert
Sun Mar 15 14:54:01 IST 2026 - ALERT: System Monitoring Alert
Sun Mar 15 14:55:01 IST 2026 - ALERT: System Monitoring Alert
Sun Mar 15 14:56:01 IST 2026 - ALERT: System Monitoring Alert
Sun Mar 15 14:57:01 IST 2026 - ALERT: System Monitoring Alert
Sun Mar 15 14:58:01 IST 2026 - ALERT: System Monitoring Alert
Sun Mar 15 14:59:01 IST 2026 - ALERT: System Monitoring Alert
Sun Mar 15 15:00:01 IST 2026 - ALERT: System Monitoring Alert
Sun Mar 15 15:01:01 IST 2026 - ALERT: System Monitoring Alert
Sun Mar 15 15:02:01 IST 2026 - ALERT: System Monitoring Alert
Sun Mar 15 15:03:01 IST 2026 - ALERT: System Monitoring Alert
Sun Mar 15 15:03:15 IST 2026 - ALERT: System Monitoring Alert
Sun Mar 15 15:04:01 IST 2026 - ALERT: System Monitoring Alert
Sun Mar 15 15:05:01 IST 2026 - ALERT: System Monitoring Alert
Sun Mar 15 15:06:01 IST 2026 - ALERT: System Monitoring Alert
Sun Mar 15 15:07:01 IST 2026 - ALERT: System Monitoring Alert
Sun Mar 15 15:08:01 IST 2026 - ALERT: System Monitoring Alert
Sun Mar 15 15:09:01 IST 2026 - ALERT: System Monitoring Alert
Sun Mar 15 15:10:01 IST 2026 - ALERT: System Monitoring Alert
Sun Mar 15 15:11:00 IST 2026 - ALERT: System Monitoring Alert
Sun Mar 15 15:12:00 IST 2026 - ALERT: System Monitoring Alert
Sun Mar 15 15:13:01 IST 2026 - ALERT: System Monitoring Alert
Sun Mar 15 15:14:01 IST 2026 - ALERT: System Monitoring Alert
Sun Mar 15 15:15:02 IST 2026 - ALERT: System Monitoring Alert
Sun Mar 15 15:16:00 IST 2026 - ALERT: System Monitoring Alert
Sun Mar 15 15:17:01 IST 2026 - ALERT: System Monitoring Alert
Sun Mar 15 15:18:02 IST 2026 - ALERT: System Monitoring Alert
Sun Mar 15 15:19:01 IST 2026 - ALERT: System Monitoring Alert
Sun Mar 15 15:20:01 IST 2026 - ALERT: System Monitoring Alert
Sun Mar 15 15:21:00 IST 2026 - ALERT: System Monitoring Alert
Sun Mar 15 15:22:00 IST 2026 - ALERT: System Monitoring Alert
Sun Mar 15 15:23:00 IST 2026 - ALERT: System Monitoring Alert
Sun Mar 15 15:24:01 IST 2026 - ALERT: System Monitoring Alert
Sun Mar 15 15:25:01 IST 2026 - ALERT: System Monitoring Alert
Sun Mar 15 15:27:23 IST 2026 - ALERT: System Monitoring Alert
Sun Mar 15 15:27:24 IST 2026 - ALERT: System Monitoring Alert
Sun Mar 15 15:28:00 IST 2026 - ALERT: System Monitoring Alert
Sun Mar 15 15:29:01 IST 2026 - ALERT: System Monitoring Alert
Sun Mar 15 15:30:01 IST 2026 - ALERT: System Monitoring Alert
Sun Mar 15 15:31:01 IST 2026 - ALERT: System Monitoring Alert
Sun Mar 15 15:32:01 IST 2026 - ALERT: System Monitoring Alert
Sun Mar 15 15:33:01 IST 2026 - ALERT: System Monitoring Alert
Sun Mar 15 15:34:00 IST 2026 - ALERT: System Monitoring Alert
Sun Mar 15 15:35:00 IST 2026 - ALERT: System Monitoring Alert
Sun Mar 15 15:36:00 IST 2026 - ALERT: System Monitoring Alert
Sun Mar 15 15:37:00 IST 2026 - ALERT: System Monitoring Alert
Sun Mar 15 15:38:00 IST 2026 - ALERT: System Monitoring Alert
Sun Mar 15 15:39:00 IST 2026 - ALERT: System Monitoring Alert
Sun Mar 15 15:40:02 IST 2026 - ALERT: System Monitoring Alert
Sun Mar 15 15:41:01 IST 2026 - ALERT: System Monitoring Alert
Sun Mar 15 15:42:00 IST 2026 - ALERT: System Monitoring Alert
Sun Mar 15 15:43:01 IST 2026 - ALERT: System Monitoring Alert
Sun Mar 15 15:44:01 IST 2026 - ALERT: System Monitoring Alert
Sun Mar 15 15:45:01 IST 2026 - ALERT: System Monitoring Alert
Sun Mar 15 15:46:01 IST 2026 - ALERT: System Monitoring Alert
Sun Mar 15 15:46:50 IST 2026 - ALERT: System Monitoring Alert
Sun Mar 15 15:47:01 IST 2026 - ALERT: System Monitoring Alert
Sun Mar 15 15:48:01 IST 2026 - ALERT: System Monitoring Alert
Sun Mar 15 15:49:01 IST 2026 - ALERT: System Monitoring Alert
Sun Mar 15 15:50:01 IST 2026 - ALERT: System Monitoring Alert
Sun Mar 15 15:51:01 IST 2026 - ALERT: System Monitoring Alert
