Sun Mar 15 02:48:05 IST 2026 Disk usage normal: 1%
Sun Mar 15 02:48:27 IST 2026 Disk usage normal: 1%
Sun Mar 15 02:50:15 IST 2026 RAM usage normal: 3%
Sun Mar 15 02:51:21 IST 2026 CPU usage normal: 0%
Sun Mar 15 02:52:19 IST 2026 Service ssh is running
Sun Mar 15 02:53:22 IST 2026 Security check normal: Failed login attempts = 0
Sun Mar 15 02:54:31 IST 2026 Disk usage normal: 1%
Sun Mar 15 02:54:31 IST 2026 RAM usage normal: 3%
Sun Mar 15 02:54:31 IST 2026 WARNING: CPU usage is 100%
Sun Mar 15 02:54:31 IST 2026 Service ssh is running
Sun Mar 15 02:54:31 IST 2026 Security check normal: Failed login attempts = 0
[2026-03-15 02:57:05] [SECURITY OK] Failed login attempts: 0
[2026-03-15 02:58:38] [CPU OK] CPU load normal:  0.00
[2026-03-15 02:59:37] [CPU OK] CPU load normal:  0.00
[2026-03-15 03:00:14] [RAM OK] Memory usage normal: 3%
[2026-03-15 03:00:57] [SERVICE OK] ssh service running normally
[2026-03-15 03:02:41] [SECURITY OK] Failed login attempts: 0
[2026-03-15 03:05:36] [CPU OK] CPU load normal:  0.00
[2026-03-15 03:05:36] [RAM OK] Memory usage normal: 3%
[2026-03-15 03:05:36] [SERVICE OK] ssh service running normally
[2026-03-15 03:05:36] [SECURITY OK] Failed login attempts: 1
[2026-03-15 03:06:40] [DISK OK] Disk usage normal: 1%
[2026-03-15 03:06:40] [CPU OK] CPU load normal:  0.00
[2026-03-15 03:06:41] [RAM OK] Memory usage normal: 3%
[2026-03-15 03:06:41] [SERVICE OK] ssh service running normally
[2026-03-15 03:06:41] [SECURITY OK] Failed login attempts: 2
[2026-03-15 03:11:15] [DISK OK] Disk usage normal: 1%
[2026-03-15 03:11:15] [CPU OK] CPU load normal:  0.00
[2026-03-15 03:11:15] [RAM OK] Memory usage normal: 3%
[2026-03-15 03:11:15] [SERVICE OK] ssh service running normally
[2026-03-15 03:11:15] [SECURITY OK] Failed login attempts: 4
[2026-03-15 03:15:55] [CPU OK] CPU load normal:  0.13
[2026-03-15 03:16:04] [RAM OK] Memory usage normal: 3%
[2026-03-15 03:16:13] [SERVICE OK] ssh service running normally
[2026-03-15 03:16:24] [SECURITY OK] Failed login attempts: 5
Sun Mar 15 03:26:14 IST 2026 Disk usage normal: 1%
Sun Mar 15 03:27:35 IST 2026 Disk usage normal: 1%
[DISK OK] Disk usage normal: 1%
[Sun Mar 15 03:29:29 IST 2026] [CPU OK] CPU load normal:  0.05
[Sun Mar 15 03:30:29 IST 2026] [RAM OK] Memory usage normal: 3%
[Sun Mar 15 03:31:35 IST 2026] [SERVICE OK] ssh service running normally
[Sun Mar 15 03:32:51 IST 2026] [SECURITY WARNING] Too many failed login attempts: 6
[DISK OK] Disk usage normal: 1%
Sun Mar 15 03:34:46 IST 2026 Disk usage normal: 1%
[Sun Mar 15 03:34:46 IST 2026] [CPU OK] CPU load normal:  0.02
[Sun Mar 15 03:34:46 IST 2026] [RAM OK] Memory usage normal: 3%
[Sun Mar 15 03:34:46 IST 2026] [SERVICE OK] ssh service running normally
[Sun Mar 15 03:34:46 IST 2026] [SECURITY WARNING] Too many failed login attempts: 7
Sun Mar 15 03:36:12 IST 2026 Disk usage normal: 1%
[Sun Mar 15 03:36:12 IST 2026] [CPU OK] CPU load normal:  0.00
[Sun Mar 15 03:36:12 IST 2026] [RAM OK] Memory usage normal: 3%
[Sun Mar 15 03:36:12 IST 2026] [SERVICE OK] ssh service running normally
[Sun Mar 15 03:36:12 IST 2026] [SECURITY WARNING] Too many failed login attempts: 8
Sun Mar 15 03:37:56 IST 2026 Disk usage normal: 1%
[Sun Mar 15 03:37:56 IST 2026] [CPU OK] CPU load normal:  0.04
[Sun Mar 15 03:37:56 IST 2026] [RAM OK] Memory usage normal: 3%
[Sun Mar 15 03:37:56 IST 2026] [SERVICE OK] ssh service running normally
[Sun Mar 15 03:37:56 IST 2026] [SECURITY WARNING] Too many failed login attempts: 9
Sun Mar 15 03:39:17 IST 2026 Disk usage normal: 1%
[Sun Mar 15 03:39:17 IST 2026] [CPU OK] CPU load normal:  0.01
[Sun Mar 15 03:39:17 IST 2026] [RAM OK] Memory usage normal: 3%
[Sun Mar 15 03:39:17 IST 2026] [SERVICE OK] ssh service running normally
[Sun Mar 15 03:39:17 IST 2026] [SECURITY WARNING] Too many failed login attempts: 10
Sun Mar 15 03:39:33 IST 2026 Disk usage normal: 1%
Sun Mar 15 03:39:51 IST 2026 Disk usage normal: 1%
[Sun Mar 15 03:39:51 IST 2026] [CPU OK] CPU load normal:  0.00
[Sun Mar 15 03:39:51 IST 2026] [RAM OK] Memory usage normal: 3%
[Sun Mar 15 03:39:51 IST 2026] [SERVICE OK] ssh service running normally
[Sun Mar 15 03:39:51 IST 2026] [SECURITY WARNING] Too many failed login attempts: 11
Sun Mar 15 03:40:35 IST 2026 Disk usage normal: 1%
[Sun Mar 15 03:40:35 IST 2026] [CPU OK] CPU load normal:  0.05
[Sun Mar 15 03:40:35 IST 2026] [RAM OK] Memory usage normal: 3%
[Sun Mar 15 03:40:35 IST 2026] [SERVICE OK] ssh service running normally
[Sun Mar 15 03:40:35 IST 2026] [SECURITY WARNING] Too many failed login attempts: 12
Sun Mar 15 03:42:07 IST 2026 Disk usage normal: 1%
[Sun Mar 15 03:42:07 IST 2026] [CPU OK] CPU load normal:  0.01
[Sun Mar 15 03:42:07 IST 2026] [RAM OK] Memory usage normal: 3%
[Sun Mar 15 03:42:07 IST 2026] [SERVICE OK] ssh service running normally
[Sun Mar 15 03:42:07 IST 2026] [SECURITY WARNING] Too many failed login attempts: 13
[Sun Mar 15 03:43:30 IST 2026] [DISK OK] Disk usage normal: 1%
[Sun Mar 15 03:43:37 IST 2026] [DISK OK] Disk usage normal: 1%
[Sun Mar 15 03:43:37 IST 2026] [CPU OK] CPU load normal:  0.00
[Sun Mar 15 03:43:37 IST 2026] [RAM OK] Memory usage normal: 3%
[Sun Mar 15 03:43:37 IST 2026] [SERVICE OK] ssh service running normally
[Sun Mar 15 03:43:37 IST 2026] [SECURITY WARNING] Too many failed login attempts: 14
[Sun Mar 15 03:46:48 IST 2026] [DISK OK] Disk usage normal: 1%
[Sun Mar 15 03:46:48 IST 2026] [CPU OK] CPU load normal:  0.03
[Sun Mar 15 03:46:48 IST 2026] [RAM OK] Memory usage normal: 3%
[Sun Mar 15 03:46:48 IST 2026] [SERVICE OK] ssh service running normally
[Sun Mar 15 03:46:48 IST 2026] [SECURITY WARNING] Too many failed login attempts: 15
[Sun Mar 15 03:50:14 IST 2026] [SECURITY OK] New failed login attempts: 0
[Sun Mar 15 03:50:32 IST 2026] [DISK OK] Disk usage normal: 1%
[Sun Mar 15 03:50:32 IST 2026] [CPU OK] CPU load normal:  0.11
[Sun Mar 15 03:50:32 IST 2026] [RAM OK] Memory usage normal: 3%
[Sun Mar 15 03:50:32 IST 2026] [SERVICE OK] ssh service running normally
[Sun Mar 15 03:50:32 IST 2026] [SECURITY OK] New failed login attempts: 0
[Sun Mar 15 03:53:27 IST 2026] [SECURITY WARNING] Too many new failed login attempts: 15
[Sun Mar 15 03:53:42 IST 2026] [DISK OK] Disk usage normal: 1%
[Sun Mar 15 03:53:42 IST 2026] [CPU OK] CPU load normal:  0.00
[Sun Mar 15 03:53:42 IST 2026] [RAM OK] Memory usage normal: 3%
[Sun Mar 15 03:53:42 IST 2026] [SERVICE OK] ssh service running normally
[Sun Mar 15 03:53:42 IST 2026] [SECURITY OK] New failed login attempts: 0
[Sun Mar 15 04:47:35 IST 2026] [DISK OK] Disk usage normal: 1%
[Sun Mar 15 04:47:35 IST 2026] [CPU OK] CPU load normal:  0.38
[Sun Mar 15 04:47:35 IST 2026] [RAM OK] Memory usage normal: 3%
[Sun Mar 15 04:47:35 IST 2026] [SERVICE OK] ssh service running normally
[Sun Mar 15 04:47:45 IST 2026] [SECURITY OK] New failed login attempts: 0
[Sun Mar 15 04:49:26 IST 2026] [DISK OK] Disk usage normal: 1%
[Sun Mar 15 04:49:26 IST 2026] [CPU OK] CPU load normal:  1.59
[Sun Mar 15 04:49:26 IST 2026] [RAM OK] Memory usage normal: 3%
[Sun Mar 15 04:49:26 IST 2026] [SERVICE OK] ssh service running normally
[Sun Mar 15 04:49:26 IST 2026] [SECURITY WARNING] Too many new failed login attempts: 15
[Sun Mar 15 04:50:02 IST 2026] [DISK OK] Disk usage normal: 1%
[Sun Mar 15 04:50:02 IST 2026] [CPU OK] CPU load normal:  3.73
[Sun Mar 15 04:50:02 IST 2026] [RAM OK] Memory usage normal: 3%
[Sun Mar 15 04:50:02 IST 2026] [SERVICE OK] ssh service running normally
[Sun Mar 15 04:50:02 IST 2026] [SECURITY WARNING] Too many new failed login attempts: 15
[Sun Mar 15 04:52:04 IST 2026] [DISK OK] Disk usage normal: 1%
[Sun Mar 15 04:52:04 IST 2026] [CPU OK] CPU load normal:  6.20
[Sun Mar 15 04:52:04 IST 2026] [RAM OK] Memory usage normal: 3%
[Sun Mar 15 04:52:04 IST 2026] [SERVICE OK] ssh service running normally
[Sun Mar 15 04:52:04 IST 2026] [SECURITY WARNING] Too many new failed login attempts: 15
[Sun Mar 15 12:21:55 IST 2026] [DISK OK] Disk usage normal: 1%
[Sun Mar 15 12:21:55 IST 2026] [CPU OK] CPU load normal:  0.01
[Sun Mar 15 12:21:55 IST 2026] [RAM OK] Memory usage normal: 3%
[Sun Mar 15 12:21:55 IST 2026] [SERVICE OK] ssh service running normally
[Sun Mar 15 12:22:02 IST 2026] [SECURITY WARNING] Too many new failed login attempts: 15
[Sun Mar 15 12:27:46 IST 2026] [DISK OK] Disk usage normal: 1%
[Sun Mar 15 12:27:46 IST 2026] [CPU OK] CPU load normal:  0.00
[Sun Mar 15 12:27:46 IST 2026] [RAM OK] Memory usage normal: 3%
[Sun Mar 15 12:27:46 IST 2026] [SERVICE OK] ssh service running normally
[Sun Mar 15 12:27:46 IST 2026] [SECURITY WARNING] Too many new failed login attempts: 15
2026-03-15 17:13:00 : Monitoring started#!/bin/bash
2026-03-15 17:13:00 : Monitoring started
2026-03-15 17:14:00 : Monitoring started#!/bin/bash
2026-03-15 17:14:00 : Monitoring started
2026-03-15 17:15:00 : Monitoring started#!/bin/bash
2026-03-15 17:15:00 : Monitoring started
2026-03-15 17:16:02 : Monitoring started#!/bin/bash
2026-03-15 17:16:02 : Monitoring started
2026-03-15 17:17:00 : Monitoring started#!/bin/bash
2026-03-15 17:17:00 : Monitoring started
2026-03-15 17:18:02 : Monitoring started
2026-03-15 17:18:02 : System data collected
2026-03-15 17:18:02 : Monitoring cycle completed
2026-03-15 17:19:00 : Monitoring started
2026-03-15 17:19:00 : System data collected
2026-03-15 17:19:00 : Monitoring cycle completed
2026-03-15 17:20:00 : Monitoring started
2026-03-15 17:20:00 : System data collected
2026-03-15 17:20:00 : Monitoring cycle completed
2026-03-15 17:21:01 : Monitoring started
2026-03-15 17:21:01 : System data collected
2026-03-15 17:21:01 : Monitoring cycle completed
2026-03-15 17:22:00 : Monitoring started
2026-03-15 17:22:00 : System data collected
2026-03-15 17:22:00 : Monitoring cycle completed
2026-03-15 17:23:00 : Monitoring started
2026-03-15 17:23:00 : System data collected
2026-03-15 17:23:00 : Monitoring cycle completed
Sun Mar 15 17:24:00 IST 2026 Monitoring started
Sun Mar 15 17:24:00 IST 2026 Monitoring completed
Sun Mar 15 17:24:01 IST 2026 Monitoring started
Sun Mar 15 17:24:01 IST 2026 Monitoring completed
Sun Mar 15 17:25:00 IST 2026 Monitoring started
Sun Mar 15 17:25:00 IST 2026 Monitoring completed
Sun Mar 15 17:25:23 IST 2026 Monitoring started
Sun Mar 15 17:25:23 IST 2026 Monitoring completed
Sun Mar 15 17:26:00 IST 2026 Monitoring started
Sun Mar 15 17:26:00 IST 2026 Monitoring completed
Sun Mar 15 17:27:01 IST 2026 Monitoring started
Sun Mar 15 17:27:01 IST 2026 Monitoring completed
Sun Mar 15 17:28:00 IST 2026 Monitoring started
Sun Mar 15 17:28:00 IST 2026 Monitoring completed
Sun Mar 15 17:29:00 IST 2026 Monitoring started
Sun Mar 15 17:29:00 IST 2026 Monitoring completed
Sun Mar 15 17:30:02 IST 2026 Monitoring started
Sun Mar 15 17:30:02 IST 2026 Monitoring completed
Sun Mar 15 17:31:01 IST 2026 Monitoring started
Sun Mar 15 17:31:01 IST 2026 Monitoring completed
Sun Mar 15 17:32:00 IST 2026 Monitoring started
Sun Mar 15 17:32:00 IST 2026 Monitoring completed
Sun Mar 15 17:33:01 IST 2026 Monitoring started
Sun Mar 15 17:33:01 IST 2026 Monitoring completed
Sun Mar 15 17:34:01 IST 2026 Monitoring started
Sun Mar 15 17:34:02 IST 2026 Monitoring completed
Sun Mar 15 17:35:01 IST 2026 Monitoring started
Sun Mar 15 17:35:01 IST 2026 Monitoring completed
Sun Mar 15 17:36:00 IST 2026 Monitoring started
Sun Mar 15 17:36:00 IST 2026 Monitoring completed
Sun Mar 15 17:36:30 IST 2026 Monitoring started
Sun Mar 15 17:36:30 IST 2026 Monitoring completed
Sun Mar 15 17:37:00 IST 2026 Monitoring started
Sun Mar 15 17:37:00 IST 2026 Monitoring completed
Sun Mar 15 17:38:00 IST 2026 Monitoring started
Sun Mar 15 17:38:00 IST 2026 Monitoring completed
Sun Mar 15 17:39:01 IST 2026 Monitoring started
Sun Mar 15 17:39:01 IST 2026 Monitoring completed
Sun Mar 15 17:39:20 IST 2026 Monitoring started
Sun Mar 15 17:39:20 IST 2026 Monitoring completed
Sun Mar 15 17:40:00 IST 2026 Monitoring started
Sun Mar 15 17:40:00 IST 2026 Monitoring completed
Sun Mar 15 17:41:00 IST 2026 Monitoring started
Sun Mar 15 17:41:00 IST 2026 Monitoring completed
Sun Mar 15 18:40:56 IST 2026 Monitoring started
Sun Mar 15 18:41:03 IST 2026 Monitoring completed
Sun Mar 15 18:41:35 IST 2026 Monitoring started
Sun Mar 15 18:41:35 IST 2026 Monitoring completed
Sun Mar 15 18:42:00 IST 2026 Monitoring started
Sun Mar 15 18:42:00 IST 2026 Monitoring completed
Sun Mar 15 18:43:01 IST 2026 Monitoring started
Sun Mar 15 18:43:01 IST 2026 Monitoring completed
Sun Mar 15 18:44:01 IST 2026 Monitoring started
Sun Mar 15 18:44:02 IST 2026 Monitoring completed
Sun Mar 15 18:45:01 IST 2026 Monitoring started
Sun Mar 15 18:45:01 IST 2026 Monitoring completed
Sun Mar 15 18:45:13 IST 2026 Monitoring started
Sun Mar 15 18:45:13 IST 2026 Monitoring completed
Sun Mar 15 18:46:00 IST 2026 Monitoring started
Sun Mar 15 18:46:00 IST 2026 Monitoring completed
Sun Mar 15 18:47:01 IST 2026 Monitoring started
Sun Mar 15 18:47:01 IST 2026 Monitoring completed
Sun Mar 15 18:48:01 IST 2026 Monitoring started
Sun Mar 15 18:48:01 IST 2026 Monitoring completed
Sun Mar 15 18:49:01 IST 2026 Monitoring started
Sun Mar 15 18:49:01 IST 2026 Monitoring completed
Sun Mar 15 18:50:00 IST 2026 Monitoring started
Sun Mar 15 18:50:01 IST 2026 Monitoring completed
Sun Mar 15 18:51:01 IST 2026 Monitoring started
Sun Mar 15 18:51:01 IST 2026 Monitoring completed
Sun Mar 15 18:51:06 IST 2026 Monitoring started
Sun Mar 15 18:51:06 IST 2026 Monitoring completed
Sun Mar 15 18:52:01 IST 2026 Monitoring started
Sun Mar 15 18:52:01 IST 2026 Monitoring completed
Sun Mar 15 18:53:01 IST 2026 Monitoring started
Sun Mar 15 18:53:01 IST 2026 Monitoring completed
Sun Mar 15 18:54:01 IST 2026 Monitoring started
Sun Mar 15 18:54:01 IST 2026 Monitoring completed
Sun Mar 15 18:55:01 IST 2026 Monitoring started
Sun Mar 15 18:55:01 IST 2026 Monitoring completed
Sun Mar 15 18:56:01 IST 2026 Monitoring started
Sun Mar 15 18:56:02 IST 2026 Monitoring completed
Sun Mar 15 18:57:01 IST 2026 Monitoring started
Sun Mar 15 18:57:01 IST 2026 Monitoring completed
Sun Mar 15 18:57:35 IST 2026 Monitoring started
Sun Mar 15 18:57:36 IST 2026 Monitoring completed
Sun Mar 15 18:58:01 IST 2026 Monitoring started
Sun Mar 15 18:58:01 IST 2026 Monitoring completed
Sun Mar 15 18:59:01 IST 2026 Monitoring started
Sun Mar 15 18:59:01 IST 2026 Monitoring completed
Sun Mar 15 19:00:01 IST 2026 Monitoring started
Sun Mar 15 19:00:01 IST 2026 Monitoring completed
Sun Mar 15 19:01:00 IST 2026 Monitoring started
Sun Mar 15 19:01:00 IST 2026 Monitoring completed
Sun Mar 15 19:02:01 IST 2026 Monitoring started
Sun Mar 15 19:02:01 IST 2026 Monitoring completed
Sun Mar 15 19:03:01 IST 2026 Monitoring started
Sun Mar 15 19:03:01 IST 2026 Monitoring completed
Sun Mar 15 19:04:01 IST 2026 Monitoring started
Sun Mar 15 19:04:01 IST 2026 Monitoring completed
Sun Mar 15 19:05:01 IST 2026 Monitoring started
Sun Mar 15 19:05:01 IST 2026 Monitoring completed
Sun Mar 15 19:06:01 IST 2026 Monitoring started
Sun Mar 15 19:06:01 IST 2026 Monitoring completed
Sun Mar 15 19:06:11 IST 2026 Monitoring started
Sun Mar 15 19:06:11 IST 2026 Monitoring completed
Sun Mar 15 19:07:01 IST 2026 Monitoring started
Sun Mar 15 19:07:01 IST 2026 Monitoring completed
Sun Mar 15 19:07:17 IST 2026 Monitoring started
Sun Mar 15 19:07:17 IST 2026 Monitoring completed
Sun Mar 15 19:08:01 IST 2026 Monitoring started
Sun Mar 15 19:08:01 IST 2026 Monitoring completed
Sun Mar 15 19:09:14 IST 2026 Monitoring started
Sun Mar 15 19:09:14 IST 2026 Monitoring completed
Sun Mar 15 19:10:00 IST 2026 Monitoring started
Sun Mar 15 19:10:00 IST 2026 Monitoring completed
Sun Mar 15 19:11:01 IST 2026 Monitoring started
Sun Mar 15 19:11:01 IST 2026 Monitoring completed
Sun Mar 15 20:43:00 IST 2026 Monitoring started
Sun Mar 15 20:43:00 IST 2026 Monitoring completed
Sun Mar 15 20:43:18 IST 2026 Monitoring started
Sun Mar 15 20:43:26 IST 2026 Monitoring completed
Sun Mar 15 20:44:00 IST 2026 Monitoring started
Sun Mar 15 20:44:00 IST 2026 Monitoring completed
Sun Mar 15 20:45:00 IST 2026 Monitoring started
Sun Mar 15 20:45:00 IST 2026 Monitoring completed
Sun Mar 15 20:46:00 IST 2026 Monitoring started
Sun Mar 15 20:46:00 IST 2026 Monitoring completed
Sun Mar 15 20:47:00 IST 2026 Monitoring started
Sun Mar 15 20:47:00 IST 2026 Monitoring completed
Sun Mar 15 20:47:13 IST 2026 Monitoring started
Sun Mar 15 20:47:13 IST 2026 Monitoring completed
Sun Mar 15 20:47:33 IST 2026 Monitoring started
Sun Mar 15 20:47:33 IST 2026 Monitoring completed
Sun Mar 15 20:48:01 IST 2026 Monitoring started
Sun Mar 15 20:48:01 IST 2026 Monitoring completed
Sun Mar 15 20:48:08 IST 2026 Monitoring started
Sun Mar 15 20:48:08 IST 2026 Monitoring completed
Sun Mar 15 20:49:01 IST 2026 Monitoring started
Sun Mar 15 20:49:01 IST 2026 Monitoring completed
Sun Mar 15 20:50:00 IST 2026 Monitoring started
Sun Mar 15 20:50:00 IST 2026 Monitoring completed
Sun Mar 15 20:51:00 IST 2026 Monitoring started
Sun Mar 15 20:51:00 IST 2026 Monitoring completed
Sun Mar 15 20:52:00 IST 2026 Monitoring started
Sun Mar 15 20:52:00 IST 2026 Monitoring completed
Sun Mar 15 20:53:00 IST 2026 Monitoring started
Sun Mar 15 20:53:00 IST 2026 Monitoring completed
Sun Mar 15 20:54:00 IST 2026 Monitoring started
Sun Mar 15 20:54:00 IST 2026 Monitoring completed
Sun Mar 15 20:55:00 IST 2026 Monitoring started
Sun Mar 15 20:55:00 IST 2026 Monitoring completed
Sun Mar 15 20:56:01 IST 2026 Monitoring started
Sun Mar 15 20:56:02 IST 2026 Monitoring completed
Sun Mar 15 20:57:01 IST 2026 Monitoring started
Sun Mar 15 20:57:01 IST 2026 Monitoring completed
Sun Mar 15 20:58:00 IST 2026 Monitoring started
Sun Mar 15 20:58:00 IST 2026 Monitoring completed
Sun Mar 15 20:59:00 IST 2026 Monitoring started
Sun Mar 15 20:59:00 IST 2026 Monitoring completed
Sun Mar 15 21:00:00 IST 2026 Monitoring started
Sun Mar 15 21:00:00 IST 2026 Monitoring completed
Sun Mar 15 21:01:00 IST 2026 Monitoring started
Sun Mar 15 21:01:00 IST 2026 Monitoring completed
Sun Mar 15 21:02:01 IST 2026 Monitoring started
Sun Mar 15 21:02:01 IST 2026 Monitoring completed
Sun Mar 15 21:03:01 IST 2026 Monitoring started
Sun Mar 15 21:03:01 IST 2026 Monitoring completed
Sun Mar 15 21:04:00 IST 2026 Monitoring started
Sun Mar 15 21:04:00 IST 2026 Monitoring completed
Sun Mar 15 21:05:01 IST 2026 Monitoring started
Sun Mar 15 21:05:01 IST 2026 Monitoring completed
Sun Mar 15 21:06:02 IST 2026 Monitoring started
Sun Mar 15 21:06:02 IST 2026 Monitoring completed
Sun Mar 15 21:07:01 IST 2026 Monitoring started
Sun Mar 15 21:07:01 IST 2026 Monitoring completed
Sun Mar 15 21:08:00 IST 2026 Monitoring started
Sun Mar 15 21:08:00 IST 2026 Monitoring completed
Sun Mar 15 21:09:01 IST 2026 Monitoring started
Sun Mar 15 21:09:01 IST 2026 Monitoring completed
Sun Mar 15 21:10:00 IST 2026 Monitoring started
Sun Mar 15 21:10:00 IST 2026 Monitoring completed
Sun Mar 15 21:11:00 IST 2026 Monitoring started
Sun Mar 15 21:11:00 IST 2026 Monitoring completed
Sun Mar 15 21:11:14 IST 2026 Monitoring started
Sun Mar 15 21:11:14 IST 2026 Monitoring completed
Sun Mar 15 21:12:01 IST 2026 Monitoring started
Sun Mar 15 21:12:02 IST 2026 Monitoring completed
Sun Mar 15 21:13:01 IST 2026 Monitoring started
Sun Mar 15 21:13:01 IST 2026 Monitoring completed
Sun Mar 15 21:14:01 IST 2026 Monitoring started
Sun Mar 15 21:14:01 IST 2026 Monitoring completed
Sun Mar 15 21:15:00 IST 2026 Monitoring started
Sun Mar 15 21:15:00 IST 2026 Monitoring completed
Sun Mar 15 21:16:01 IST 2026 Monitoring started
Sun Mar 15 21:16:01 IST 2026 Monitoring completed
Sun Mar 15 21:17:01 IST 2026 Monitoring started
Sun Mar 15 21:17:01 IST 2026 Monitoring completed
Sun Mar 15 21:18:01 IST 2026 Monitoring started
Sun Mar 15 21:18:02 IST 2026 Monitoring completed
Sun Mar 15 21:19:01 IST 2026 Monitoring started
Sun Mar 15 21:19:01 IST 2026 Monitoring completed
Sun Mar 15 21:20:00 IST 2026 Monitoring started
Sun Mar 15 21:20:01 IST 2026 Monitoring completed
Sun Mar 15 21:21:00 IST 2026 Monitoring started
Sun Mar 15 21:21:01 IST 2026 Monitoring completed
Sun Mar 15 21:21:44 IST 2026 Monitoring started
Sun Mar 15 21:21:49 IST 2026 Monitoring completed
Sun Mar 15 21:22:01 IST 2026 Monitoring started
Sun Mar 15 21:22:01 IST 2026 Monitoring completed
Sun Mar 15 21:23:01 IST 2026 Monitoring started
Sun Mar 15 21:23:01 IST 2026 Monitoring completed
Sun Mar 15 21:24:01 IST 2026 Monitoring started
Sun Mar 15 21:24:01 IST 2026 Monitoring completed
Sun Mar 15 21:25:00 IST 2026 Monitoring started
Sun Mar 15 21:25:00 IST 2026 Monitoring completed
Sun Mar 15 21:26:01 IST 2026 Monitoring started
Sun Mar 15 21:26:01 IST 2026 Monitoring completed
Sun Mar 15 21:27:01 IST 2026 Monitoring started
Sun Mar 15 21:27:01 IST 2026 Monitoring completed
Sun Mar 15 21:28:00 IST 2026 Monitoring started
Sun Mar 15 21:28:00 IST 2026 Monitoring completed
Sun Mar 15 21:29:01 IST 2026 Monitoring started
Sun Mar 15 21:29:01 IST 2026 Monitoring completed
Sun Mar 15 21:29:33 IST 2026 Monitoring started
Sun Mar 15 21:29:33 IST 2026 Monitoring completed
Sun Mar 15 21:30:01 IST 2026 Monitoring started
Sun Mar 15 21:30:01 IST 2026 Monitoring completed
Sun Mar 15 21:31:00 IST 2026 Monitoring started
Sun Mar 15 21:31:00 IST 2026 Monitoring completed
Sun Mar 15 21:32:02 IST 2026 Monitoring started
Sun Mar 15 21:32:02 IST 2026 Monitoring completed
Sun Mar 15 21:33:01 IST 2026 Monitoring started
Sun Mar 15 21:33:01 IST 2026 Monitoring completed
Sun Mar 15 21:34:01 IST 2026 Monitoring started
Sun Mar 15 21:34:01 IST 2026 Monitoring completed
Sun Mar 15 21:35:01 IST 2026 Monitoring started
Sun Mar 15 21:35:01 IST 2026 Monitoring completed
Sun Mar 15 21:36:01 IST 2026 Monitoring started
Sun Mar 15 21:36:01 IST 2026 Monitoring completed
Sun Mar 15 21:36:44 IST 2026 Monitoring started
Sun Mar 15 21:36:44 IST 2026 Monitoring completed
Sun Mar 15 21:37:00 IST 2026 Monitoring started
Sun Mar 15 21:37:00 IST 2026 Monitoring completed
Sun Mar 15 21:38:01 IST 2026 Monitoring started
Sun Mar 15 21:38:01 IST 2026 Monitoring completed
Sun Mar 15 21:38:26 IST 2026 Monitoring started
Sun Mar 15 21:38:27 IST 2026 Monitoring completed
Sun Mar 15 21:39:01 IST 2026 Monitoring started
Sun Mar 15 21:39:01 IST 2026 Monitoring completed
Sun Mar 15 21:40:01 IST 2026 Monitoring started
Sun Mar 15 21:40:01 IST 2026 Monitoring completed
Sun Mar 15 21:40:24 IST 2026 Monitoring started
Sun Mar 15 21:40:24 IST 2026 Monitoring completed
Sun Mar 15 21:41:00 IST 2026 Monitoring started
Sun Mar 15 21:41:00 IST 2026 Monitoring completed
Sun Mar 15 21:41:44 IST 2026 Monitoring started
Sun Mar 15 21:41:44 IST 2026 Monitoring completed
Sun Mar 15 21:42:01 IST 2026 Monitoring started
Sun Mar 15 21:42:01 IST 2026 Monitoring completed
Sun Mar 15 21:42:28 IST 2026 Monitoring started
Sun Mar 15 21:42:28 IST 2026 Monitoring completed
Sun Mar 15 21:43:02 IST 2026 Monitoring started
Sun Mar 15 21:43:02 IST 2026 Monitoring completed
Sun Mar 15 21:43:40 IST 2026 Monitoring started
Sun Mar 15 21:43:40 IST 2026 Monitoring completed
Sun Mar 15 21:44:01 IST 2026 Monitoring started
Sun Mar 15 21:44:01 IST 2026 Monitoring completed
Sun Mar 15 21:45:01 IST 2026 Monitoring started
Sun Mar 15 21:45:01 IST 2026 Monitoring completed
Sun Mar 15 21:46:01 IST 2026 Monitoring started
Sun Mar 15 21:46:01 IST 2026 Monitoring completed
Sun Mar 15 21:47:01 IST 2026 Monitoring started
Sun Mar 15 21:47:01 IST 2026 Monitoring completed
Sun Mar 15 21:48:01 IST 2026 Monitoring started
Sun Mar 15 21:48:01 IST 2026 Monitoring completed
Sun Mar 15 21:49:01 IST 2026 Monitoring started
Sun Mar 15 21:49:05 IST 2026 Monitoring completed
Sun Mar 15 21:50:01 IST 2026 Monitoring started
Sun Mar 15 21:50:06 IST 2026 Monitoring completed
Sun Mar 15 21:51:01 IST 2026 Monitoring started
Sun Mar 15 21:51:06 IST 2026 Monitoring completed
Sun Mar 15 21:51:21 IST 2026 Monitoring started
Sun Mar 15 21:51:21 IST 2026 Monitoring completed
Sun Mar 15 21:52:00 IST 2026 Monitoring started
Sun Mar 15 21:52:00 IST 2026 Monitoring completed
Sun Mar 15 21:52:23 IST 2026 Monitoring started
Sun Mar 15 21:52:28 IST 2026 Monitoring completed
Sun Mar 15 21:53:01 IST 2026 Monitoring started
Sun Mar 15 21:53:01 IST 2026 Monitoring completed
Sun Mar 15 21:54:01 IST 2026 Monitoring started
Sun Mar 15 21:54:01 IST 2026 Monitoring completed
Sun Mar 15 21:55:01 IST 2026 Monitoring started
Sun Mar 15 21:55:01 IST 2026 Monitoring completed
Sun Mar 15 21:56:01 IST 2026 Monitoring started
Sun Mar 15 21:56:01 IST 2026 Monitoring completed
Sun Mar 15 21:57:01 IST 2026 Monitoring started
Sun Mar 15 21:57:01 IST 2026 Monitoring completed
Sun Mar 15 21:58:01 IST 2026 Monitoring started
Sun Mar 15 21:58:01 IST 2026 Monitoring completed
Sun Mar 15 21:59:01 IST 2026 Monitoring started
Sun Mar 15 21:59:01 IST 2026 Monitoring completed
Sun Mar 15 22:00:01 IST 2026 Monitoring started
Sun Mar 15 22:00:01 IST 2026 Monitoring completed
Sun Mar 15 22:01:01 IST 2026 Monitoring started
Sun Mar 15 22:01:01 IST 2026 Monitoring completed
Sun Mar 15 22:02:01 IST 2026 Monitoring started
Sun Mar 15 22:02:01 IST 2026 Monitoring completed
Sun Mar 15 22:03:00 IST 2026 Monitoring started
Sun Mar 15 22:03:00 IST 2026 Monitoring completed
Sun Mar 15 22:04:01 IST 2026 Monitoring started
Sun Mar 15 22:04:01 IST 2026 Monitoring completed
Sun Mar 15 22:05:01 IST 2026 Monitoring started
Sun Mar 15 22:05:01 IST 2026 Monitoring completed
Sun Mar 15 22:06:01 IST 2026 Monitoring started
Sun Mar 15 22:06:06 IST 2026 Monitoring completed
Sun Mar 15 22:07:01 IST 2026 Monitoring started
Sun Mar 15 22:07:01 IST 2026 Monitoring completed
Sun Mar 15 22:07:18 IST 2026 Monitoring started
Sun Mar 15 22:07:18 IST 2026 Monitoring completed
Sun Mar 15 23:07:01 IST 2026 Monitoring started
Sun Mar 15 23:07:01 IST 2026 Monitoring completed
Sun Mar 15 23:08:01 IST 2026 Monitoring started
Sun Mar 15 23:08:05 IST 2026 Monitoring completed
Sun Mar 15 23:08:30 IST 2026 Monitoring started
Sun Mar 15 23:08:30 IST 2026 Monitoring completed
Sun Mar 15 23:09:01 IST 2026 Monitoring started
Sun Mar 15 23:09:01 IST 2026 Monitoring completed
Sun Mar 15 23:10:01 IST 2026 Monitoring started
Sun Mar 15 23:10:01 IST 2026 Monitoring completed
Sun Mar 15 23:11:01 IST 2026 Monitoring started
Sun Mar 15 23:11:01 IST 2026 Monitoring completed
Sun Mar 15 23:12:01 IST 2026 Monitoring started
Sun Mar 15 23:12:06 IST 2026 Monitoring completed
Sun Mar 15 23:13:01 IST 2026 Monitoring started
Sun Mar 15 23:13:01 IST 2026 Monitoring completed
Sun Mar 15 23:14:01 IST 2026 Monitoring started
Sun Mar 15 23:14:01 IST 2026 Monitoring completed
Sun Mar 15 23:15:01 IST 2026 Monitoring started
Sun Mar 15 23:15:01 IST 2026 Monitoring completed
Sun Mar 15 23:16:01 IST 2026 Monitoring started
Sun Mar 15 23:16:01 IST 2026 Monitoring completed
Sun Mar 15 23:17:01 IST 2026 Monitoring started
Sun Mar 15 23:17:01 IST 2026 Monitoring completed
Sun Mar 15 23:18:01 IST 2026 Monitoring started
Sun Mar 15 23:18:07 IST 2026 Monitoring completed
Sun Mar 15 23:19:02 IST 2026 Monitoring started
Sun Mar 15 23:19:02 IST 2026 Monitoring completed
Sun Mar 15 23:20:01 IST 2026 Monitoring started
Sun Mar 15 23:20:01 IST 2026 Monitoring completed
Sun Mar 15 23:20:26 IST 2026 Monitoring started
Sun Mar 15 23:20:26 IST 2026 Monitoring completed
Sun Mar 15 23:21:01 IST 2026 Monitoring started
Sun Mar 15 23:21:01 IST 2026 Monitoring completed
Sun Mar 15 23:22:01 IST 2026 Monitoring started
Sun Mar 15 23:22:01 IST 2026 Monitoring completed
Sun Mar 15 23:23:01 IST 2026 Monitoring started
Sun Mar 15 23:23:01 IST 2026 Monitoring completed
Sun Mar 15 23:23:55 IST 2026 Monitoring started
Sun Mar 15 23:24:01 IST 2026 Monitoring started
Sun Mar 15 23:24:01 IST 2026 Monitoring completed
Sun Mar 15 23:24:01 IST 2026 Monitoring completed
Sun Mar 15 23:24:30 IST 2026 Monitoring started
Sun Mar 15 23:24:30 IST 2026 Monitoring completed
Sun Mar 15 23:24:54 IST 2026 Monitoring started
Sun Mar 15 23:25:01 IST 2026 Monitoring completed
Sun Mar 15 23:25:01 IST 2026 Monitoring started
Sun Mar 15 23:25:07 IST 2026 Monitoring completed
Sun Mar 15 23:26:01 IST 2026 Monitoring started
Sun Mar 15 23:26:08 IST 2026 Monitoring completed
Sun Mar 15 23:26:23 IST 2026 Monitoring started
Sun Mar 15 23:26:23 IST 2026 Monitoring completed
Sun Mar 15 23:27:01 IST 2026 Monitoring started
Sun Mar 15 23:27:01 IST 2026 Monitoring completed
Sun Mar 15 23:28:01 IST 2026 Monitoring started
Sun Mar 15 23:28:01 IST 2026 Monitoring completed
Sun Mar 15 23:28:15 IST 2026 Monitoring started
Sun Mar 15 23:28:15 IST 2026 Monitoring completed
Sun Mar 15 23:28:39 IST 2026 Monitoring started
Sun Mar 15 23:28:39 IST 2026 Monitoring completed
Sun Mar 15 23:28:54 IST 2026 Monitoring started
Sun Mar 15 23:28:54 IST 2026 Monitoring completed
Sun Mar 15 23:29:01 IST 2026 Monitoring started
Sun Mar 15 23:29:01 IST 2026 Monitoring completed
Sun Mar 15 23:29:19 IST 2026 Monitoring started
Sun Mar 15 23:29:19 IST 2026 Monitoring completed
Sun Mar 15 23:30:01 IST 2026 Monitoring started
Sun Mar 15 23:30:01 IST 2026 Monitoring completed
Sun Mar 15 23:30:07 IST 2026 Monitoring started
Sun Mar 15 23:30:07 IST 2026 Monitoring completed
Sun Mar 15 23:31:01 IST 2026 Monitoring started
Sun Mar 15 23:31:01 IST 2026 Monitoring completed
Sun Mar 15 23:32:01 IST 2026 Monitoring started
Sun Mar 15 23:32:01 IST 2026 Monitoring completed
Sun Mar 15 23:33:01 IST 2026 Monitoring started
Sun Mar 15 23:33:01 IST 2026 Monitoring completed
Sun Mar 15 23:34:01 IST 2026 Monitoring started
Sun Mar 15 23:34:01 IST 2026 Monitoring completed
Sun Mar 15 23:35:01 IST 2026 Monitoring started
Sun Mar 15 23:35:01 IST 2026 Monitoring completed
Sun Mar 15 23:36:01 IST 2026 Monitoring started
Sun Mar 15 23:36:02 IST 2026 Monitoring completed
Sun Mar 15 23:37:01 IST 2026 Monitoring started
Sun Mar 15 23:37:01 IST 2026 Monitoring completed
Sun Mar 15 23:37:37 IST 2026 Monitoring started
Sun Mar 15 23:37:37 IST 2026 Monitoring completed
Sun Mar 15 23:38:01 IST 2026 Monitoring started
Sun Mar 15 23:38:01 IST 2026 Monitoring completed
Sun Mar 15 23:39:01 IST 2026 Monitoring started
Sun Mar 15 23:39:07 IST 2026 Monitoring completed
Sun Mar 15 23:39:20 IST 2026 Monitoring started
Sun Mar 15 23:39:20 IST 2026 Monitoring completed
Sun Mar 15 23:40:01 IST 2026 Monitoring started
Sun Mar 15 23:40:07 IST 2026 Monitoring completed
Sun Mar 15 23:40:08 IST 2026 Monitoring started
Sun Mar 15 23:40:08 IST 2026 Monitoring completed
Sun Mar 15 23:41:01 IST 2026 Monitoring started
Sun Mar 15 23:41:08 IST 2026 Monitoring completed
Sun Mar 15 23:42:01 IST 2026 Monitoring started
Sun Mar 15 23:42:01 IST 2026 Monitoring completed
Sun Mar 15 23:43:01 IST 2026 Monitoring started
Sun Mar 15 23:43:01 IST 2026 Monitoring completed
Sun Mar 15 23:44:01 IST 2026 Monitoring started
Sun Mar 15 23:44:01 IST 2026 Monitoring completed
Sun Mar 15 23:45:34 IST 2026 Monitoring started
Sun Mar 15 23:45:34 IST 2026 Monitoring completed
Sun Mar 15 23:46:01 IST 2026 Monitoring started
Sun Mar 15 23:46:01 IST 2026 Monitoring completed
Sun Mar 15 23:47:01 IST 2026 Monitoring started
Sun Mar 15 23:47:01 IST 2026 Monitoring completed
Sun Mar 15 23:48:01 IST 2026 Monitoring started
Sun Mar 15 23:48:02 IST 2026 Monitoring completed
Sun Mar 15 23:49:01 IST 2026 Monitoring started
Sun Mar 15 23:49:01 IST 2026 Monitoring completed
Sun Mar 15 23:50:01 IST 2026 Monitoring started
Sun Mar 15 23:50:01 IST 2026 Monitoring completed
Sun Mar 15 23:51:01 IST 2026 Monitoring started
Sun Mar 15 23:51:01 IST 2026 Monitoring completed
Mon Mar 16 13:47:01 IST 2026 Monitoring started
Mon Mar 16 13:47:01 IST 2026 Monitoring completed
Mon Mar 16 13:48:00 IST 2026 Monitoring started
Mon Mar 16 13:48:01 IST 2026 Monitoring completed
Mon Mar 16 13:48:53 IST 2026 Monitoring started
Mon Mar 16 13:49:00 IST 2026 Monitoring completed
Mon Mar 16 13:49:02 IST 2026 Monitoring started
Mon Mar 16 13:49:02 IST 2026 Monitoring completed
Mon Mar 16 13:50:01 IST 2026 Monitoring started
Mon Mar 16 13:50:01 IST 2026 Monitoring completed
Mon Mar 16 13:51:01 IST 2026 Monitoring started
Mon Mar 16 13:51:01 IST 2026 Monitoring completed
Mon Mar 16 13:52:01 IST 2026 Monitoring started
Mon Mar 16 13:52:01 IST 2026 Monitoring completed
Mon Mar 16 13:53:01 IST 2026 Monitoring started
Mon Mar 16 13:53:01 IST 2026 Monitoring completed
Mon Mar 16 13:54:01 IST 2026 Monitoring started
Mon Mar 16 13:54:01 IST 2026 Monitoring completed
Thu Mar 26 09:58:01 IST 2026 Monitoring started
Thu Mar 26 09:58:01 IST 2026 Monitoring completed
Thu Mar 26 09:59:01 IST 2026 Monitoring started
Thu Mar 26 09:59:01 IST 2026 Monitoring completed
Thu Mar 26 10:00:01 IST 2026 Monitoring started
Thu Mar 26 10:00:01 IST 2026 Monitoring completed
Thu Mar 26 10:01:01 IST 2026 Monitoring started
Thu Mar 26 10:01:01 IST 2026 Monitoring completed
Thu Mar 26 10:02:01 IST 2026 Monitoring started
Thu Mar 26 10:02:01 IST 2026 Monitoring completed
Thu Mar 26 10:03:01 IST 2026 Monitoring started
Thu Mar 26 10:03:01 IST 2026 Monitoring completed
Thu Mar 26 10:04:01 IST 2026 Monitoring started
Thu Mar 26 10:04:01 IST 2026 Monitoring completed
